06-06-2021 18:30:36 root         INFO     Conectado al servidor 192.168.1.226 en el puerto 1883
06-06-2021 18:30:39 scapy.runtime WARNING  Calling str(pkt) on Python 3 makes no sense!
06-06-2021 18:30:39 scapy.runtime WARNING  Calling str(pkt) on Python 3 makes no sense!
06-06-2021 18:30:39 root         INFO     Paquete sin mutar -> b'\xd8\xa7V>\xb0\xb8@\xb8\x9ad$\xf3\x08\x00E\x00\x00U\xcad@\x00@\x067\xf3\xc0\xa8\x01\xdd"\xd6R\xf0\x88<\x07[\xf2\xc9k\x1bU\xdf\x84x\x80\x18\x01\xf6%\xd1\x00\x00\x01\x01\x08\n\x84m\xa4+\xc4my!\x10\x1f\x00\x04MQTT\x04\x02\x00<\x00\x13mosqsub|7549-rrg-PC'
06-06-2021 18:30:39 root         INFO     Enviando paquete sin mutar del tipo Connect ...
06-06-2021 18:30:39 root         INFO     Recibiendo datos del bróker ...
06-06-2021 18:30:40 scapy.runtime WARNING  more Calling str(pkt) on Python 3 makes no sense!
06-06-2021 18:30:40 root         INFO     Paquete sin mutar -> b'\xd8\xa7V>\xb0\xb8@\xb8\x9ad$\xf3\x08\x00E\x00\x006\x10\x89@\x00@\x06\xf1\xed\xc0\xa8\x01\xdd"\xd6R\xf0\x88X\x07[\'\rG\xf9\x86\x87\x1cG\x80\x18\x01\xf6\xa4G\x00\x00\x01\x01\x08\n\x84m\xfcf\xc4m\xd1^\xe0\x00'
06-06-2021 18:30:40 root         INFO     Enviando paquete sin mutar del tipo Disconnect ...
06-06-2021 18:30:40 root         INFO     Recibiendo datos del bróker ...
06-06-2021 18:30:40 root         INFO     Conectado al servidor 192.168.1.226 en el puerto 1883
06-06-2021 18:30:41 root         INFO     Se ha completado la sesión.
06-06-2021 18:30:41 root         INFO     Paquete sin mutar -> b'\xd8\xa7V>\xb0\xb8@\xb8\x9ad$\xf3\x08\x00E\x00\x00U>D@\x00@\x06\xc4\x13\xc0\xa8\x01\xdd"\xd6R\xf0\x88b\x07[\xc2M \\\x89b\xf2d\x80\x18\x01\xf6(\xb1\x00\x00\x01\x01\x08\n\x84n\x11\x15\xc4m\xe6\x04\x10\x1f\x00\x04MQTT\x04\x02\x00<\x00\x13mosqsub|7610-rrg-PC'
06-06-2021 18:30:41 root         INFO     Enviando paquete sin mutar del tipo Connect ...
06-06-2021 18:30:41 root         INFO     Recibiendo datos del bróker ...
06-06-2021 18:30:42 root         INFO     Paquete sin mutar -> b'\xd8\xa7V>\xb0\xb8@\xb8\x9ad$\xf3\x08\x00E\x00\x00E\xb7\xc9@\x00@\x06Q\xa9\xc0\xa8\x01\xdd4$:\x97\x8d\xcc\x07[/\x0fb\xb6\xee\xbf\xee\xd5\x80\x18\x01\xf6\x1a\xce\x00\x00\x01\x01\x08\n\xc9\x93\x19\xf6\x90\xdd\x10\xa1\x82\x0f\x00\x01\x00\nhelloTopic\x00'
06-06-2021 18:30:42 root         INFO     Enviando paquete sin mutar del tipo Subscribe ...
06-06-2021 18:30:42 root         INFO     Recibiendo datos del bróker ...
06-06-2021 18:30:43 root         INFO     Paquete sin mutar -> b'\xd8\xa7V>\xb0\xb8@\xb8\x9ad$\xf3\x08\x00E\x00\x006s\xce@\x00@\x06\x8e\xa8\xc0\xa8\x01\xdd"\xd6R\xf0\x88P\x07[Kkai\x9c\x00\x8b\x99\x80\x19\x01\xf6\x05"\x00\x00\x01\x01\x08\n\x84m\xea\xb0\xc4m\xbf\xa7\xe0\x00'
06-06-2021 18:30:43 root         INFO     Enviando paquete sin mutar del tipo Disconnect ...
06-06-2021 18:30:43 root         INFO     Recibiendo datos del bróker ...
06-06-2021 18:30:43 root         INFO     Conectado al servidor 192.168.1.226 en el puerto 1883
06-06-2021 18:30:44 root         INFO     Se ha completado la sesión.
06-06-2021 18:30:44 scapy.runtime WARNING  Calling str(pkt) on Python 3 makes no sense!
06-06-2021 18:30:44 scapy.runtime WARNING  Calling str(pkt) on Python 3 makes no sense!
06-06-2021 18:30:44 root         INFO     Paquete sin mutar -> b'\xd8\xa7V>\xb0\xb8@\xb8\x9ad$\xf3\x08\x00E\x00\x00U\x93\xdc@\x00@\x06u\x86\xc0\xa8\x01\xdd4$:\x97\x8d\xc0\x07[ \xb5\x95\x8bI\x83N\xe0\x80\x18\x01\xf65V\x00\x00\x01\x01\x08\n\xc9\x92\xf6V\x90\xdc\xed\x02\x10\x1f\x00\x04MQTT\x04\x02\x00<\x00\x13mosqsub|7583-rrg-PC'
06-06-2021 18:30:44 root         INFO     Enviando paquete sin mutar del tipo Connect ...
06-06-2021 18:30:44 root         INFO     Recibiendo datos del bróker ...
06-06-2021 18:30:45 scapy.runtime WARNING  more Calling str(pkt) on Python 3 makes no sense!
06-06-2021 18:30:45 root         INFO     Paquete sin mutar -> b'\xd8\xa7V>\xb0\xb8@\xb8\x9ad$\xf3\x08\x00E\x00\x00NMo@\x00@\x06\xb4\xef\xc0\xa8\x01\xdd"\xd6R\xf0\x88J\x07[\xce\x9f\x051\xf7\xce\xcdh\x80\x18\x01\xf6\x05\x9b\x00\x00\x01\x01\x08\n\x84m\xd7\xac\x90\xdc\xead4\x18\x00\nhelloTopic\x00\x01hello MQTT'
06-06-2021 18:30:45 root         INFO     Enviando paquete sin mutar del tipo Publish ...
06-06-2021 18:30:45 root         INFO     Recibiendo datos del bróker ...
06-06-2021 18:30:46 root         INFO     Paquete sin mutar -> b'\xd8\xa7V>\xb0\xb8@\xb8\x9ad$\xf3\x08\x00E\x00\x006\xbay@\x00@\x06G\xfd\xc0\xa8\x01\xdd"\xd6R\xf0\x88>\x07[\xb7\x88Kj\xf4q\x9a@\x80\x19\x01\xf6\xb4K\x00\x00\x01\x01\x08\n\x84m\xb4\x88\xc4m\x89\x81\xe0\x00'
06-06-2021 18:30:46 root         INFO     Enviando paquete sin mutar del tipo Disconnect ...
06-06-2021 18:30:46 root         INFO     Recibiendo datos del bróker ...
06-06-2021 18:30:46 root         INFO     Conectado al servidor 192.168.1.226 en el puerto 1883
06-06-2021 18:30:47 root         INFO     Se ha completado la sesión.
06-06-2021 18:30:47 root         INFO     Paquete sin mutar -> b'\xd8\xa7V>\xb0\xb8@\xb8\x9ad$\xf3\x08\x00E\x00\x00U\x10\x85@\x00@\x06\xf1\xd2\xc0\xa8\x01\xdd"\xd6R\xf0\x88X\x07[\'\rG\xbe\x86\x87\x1c?\x80\x18\x01\xf6\x9c\xdb\x00\x00\x01\x01\x08\n\x84m\xfb\x0e\xc4m\xd0\x05\x10\x1f\x00\x04MQTT\x04\x02\x00\x02\x00\x13mosqpub|7590-rrg-PC'
06-06-2021 18:30:47 root         INFO     Enviando paquete sin mutar del tipo Connect ...
06-06-2021 18:30:47 root         INFO     Recibiendo datos del bróker ...
06-06-2021 18:30:48 root         INFO     Paquete sin mutar -> b'\xd8\xa7V>\xb0\xb8@\xb8\x9ad$\xf3\x08\x00E\x00\x00E#>@\x00@\x06\xdf)\xc0\xa8\x01\xdd"\xd6R\xf0\x88L\x07[-\xc8\xc7\x8b\xdb\x94\xa5\x14\x80\x18\x01\xf6\xb9\xa5\x00\x00\x01\x01\x08\n\x84m\xda\xff\x90\xdc\xed\xb9\x82\x0f\x00\x01\x00\nhelloTopic\x00'
06-06-2021 18:30:48 root         INFO     Enviando paquete sin mutar del tipo Subscribe ...
06-06-2021 18:30:48 root         INFO     Recibiendo datos del bróker ...
06-06-2021 18:30:49 scapy.runtime WARNING  Calling str(pkt) on Python 3 makes no sense!
06-06-2021 18:30:49 scapy.runtime WARNING  Calling str(pkt) on Python 3 makes no sense!
06-06-2021 18:30:49 root         INFO     Paquete sin mutar -> b'\xd8\xa7V>\xb0\xb8@\xb8\x9ad$\xf3\x08\x00E\x00\x00N\xf0\x14@\x00@\x06\x12J\xc0\xa8\x01\xdd"\xd6R\xf0\x88^\x07[f\xb7\xe6:&\xc0s\xc6\x80\x18\x01\xf6Kj\x00\x00\x01\x01\x08\n\x84n\r\x82\x90\xdd :4\x18\x00\nhelloTopic\x00\x01hello MQTT'
06-06-2021 18:30:49 root         INFO     Enviando paquete sin mutar del tipo Publish ...
06-06-2021 18:30:49 root         INFO     Recibiendo datos del bróker ...
06-06-2021 18:30:50 scapy.runtime WARNING  more Calling str(pkt) on Python 3 makes no sense!
06-06-2021 18:30:50 root         INFO     Paquete sin mutar -> b'\xd8\xa7V>\xb0\xb8@\xb8\x9ad$\xf3\x08\x00E\x00\x006\x15\x81@\x00@\x06\xec\xf5\xc0\xa8\x01\xdd"\xd6R\xf0\x88p\x07[A\xe0JJI6{\xb4\x80\x18\x01\xf6\xc8\x07\x00\x00\x01\x01\x08\n\x84nE\xc2\x90\xddXz\xe0\x00'
06-06-2021 18:30:50 root         INFO     Enviando paquete sin mutar del tipo Disconnect ...
06-06-2021 18:30:50 root         INFO     Recibiendo datos del bróker ...
06-06-2021 18:30:50 root         INFO     Conectado al servidor 192.168.1.226 en el puerto 1883
06-06-2021 18:30:51 root         INFO     Se ha completado la sesión.
06-06-2021 18:30:51 root         INFO     Paquete sin mutar -> b'\xd8\xa7V>\xb0\xb8@\xb8\x9ad$\xf3\x08\x00E\x00\x00U\xc7\x86@\x00@\x06A\xdc\xc0\xa8\x01\xdd4$:\x97\x8d\xd6\x07[\x0fu1\x84Q\t\xcb\xfc\x80\x18\x01\xf6\xa3W\x00\x00\x01\x01\x08\n\xc9\x93<\xba\x90\xdd3e\x10\x1f\x00\x04MQTT\x04\x02\x00\x02\x00\x13mosqpub|7612-rrg-PC'
06-06-2021 18:30:51 root         INFO     Enviando paquete sin mutar del tipo Connect ...
06-06-2021 18:30:51 root         INFO     Recibiendo datos del bróker ...
06-06-2021 18:30:52 root         INFO     Paquete sin mutar -> b'\xd8\xa7V>\xb0\xb8@\xb8\x9ad$\xf3\x08\x00E\x00\x00En:@\x00@\x06\x94-\xc0\xa8\x01\xdd"\xd6R\xf0\x88F\x07[\x89s\xc9\xe0\xd8\x1d\xf5\x87\x80\x18\x01\xf64\x9f\x00\x00\x01\x01\x08\n\x84m\xc8\x08\x90\xdc\xda\xc0\x82\x0f\x00\x01\x00\nhelloTopic\x00'
06-06-2021 18:30:52 root         INFO     Enviando paquete sin mutar del tipo Subscribe ...
06-06-2021 18:30:52 root         INFO     Recibiendo datos del bróker ...
06-06-2021 18:30:53 root         INFO     Paquete sin mutar -> b'\xd8\xa7V>\xb0\xb8@\xb8\x9ad$\xf3\x08\x00E\x00\x00N\x10\x87@\x00@\x06\xf1\xd7\xc0\xa8\x01\xdd"\xd6R\xf0\x88X\x07[\'\rG\xdf\x86\x87\x1cC\x80\x18\x01\xf6P\xee\x00\x00\x01\x01\x08\n\x84m\xfb\xbb\xc4m\xd0\xb42\x18\x00\nhelloTopic\x00\x01hello MQTT'
06-06-2021 18:30:53 root         INFO     Enviando paquete sin mutar del tipo Publish ...
06-06-2021 18:30:53 root         INFO     Recibiendo datos del bróker ...
06-06-2021 18:30:54 scapy.runtime WARNING  Calling str(pkt) on Python 3 makes no sense!
06-06-2021 18:30:54 scapy.runtime WARNING  Calling str(pkt) on Python 3 makes no sense!
06-06-2021 18:30:54 root         INFO     Paquete sin mutar -> b'@\xb8\x9ad$\xf3\xd8\xa7V>\xb0\xb8\x08\x00E\x00\x008\xdb\xc8@\x00\x1d\x06P\xb74$:\x97\xc0\xa8\x01\xdd\x07[\x8d\xb6%\xccF\xf1\xb6\x1f1\xa0\x80\x18\x00\x04\x061\x00\x00\x01\x01\x08\n\x90\xdc\xd9K\xc9\x92\xe1\xee@\x02\x00\x01'
06-06-2021 18:30:54 root         INFO     Enviando paquete sin mutar del tipo Puback ...
06-06-2021 18:30:54 root         INFO     Recibiendo datos del bróker ...
06-06-2021 18:30:55 scapy.runtime WARNING  more Calling str(pkt) on Python 3 makes no sense!
06-06-2021 18:30:55 root         INFO     Paquete sin mutar -> b'\xd8\xa7V>\xb0\xb8@\xb8\x9ad$\xf3\x08\x00E\x00\x008Mq@\x00@\x06\xb5\x03\xc0\xa8\x01\xdd"\xd6R\xf0\x88J\x07[\xce\x9f\x05K\xf7\xce\xcdl\x80\x18\x01\xf6\xd8\xdf\x00\x00\x01\x01\x08\n\x84m\xd8^\x90\xdc\xeb\x17b\x02\x00\x01'
06-06-2021 18:30:55 root         INFO     Enviando paquete sin mutar del tipo Pubrel ...
06-06-2021 18:30:55 root         INFO     Recibiendo datos del bróker ...
06-06-2021 18:30:56 root         INFO     Paquete sin mutar -> b'@\xb8\x9ad$\xf3\xd8\xa7V>\xb0\xb8\x08\x00E\x00\x008\x13\xc4@\x00\x1e\x06\x17\xbc4$:\x97\xc0\xa8\x01\xdd\x07[\x8d\xaaY\x15\xcc^\xd8\x90v\xae\x80\x18\x00\x04\xfd!\x00\x00\x01\x01\x08\n\x90\xdc\xb5\xbb\xc9\x92\xbecp\x02\x00\x01'
06-06-2021 18:30:56 root         INFO     Enviando paquete sin mutar del tipo Pubcomp ...
06-06-2021 18:30:56 root         INFO     Recibiendo datos del bróker ...
06-06-2021 18:30:59 root         INFO     Conectado al servidor 192.168.1.226 en el puerto 1883
06-06-2021 18:31:00 scapy.runtime WARNING  Calling str(pkt) on Python 3 makes no sense!
06-06-2021 18:31:00 scapy.runtime WARNING  Calling str(pkt) on Python 3 makes no sense!
06-06-2021 18:31:00 root         INFO     Paquete sin mutar -> b'@\xb8\x9ad$\xf3\xd8\xa7V>\xb0\xb8\x08\x00E\x00\x008\x9e\x9d@\x00\x1d\x06\x8d\xe24$:\x97\xc0\xa8\x01\xdd\x07[\x8d\xf6\xa8C\xa9iAAW{\x80\x18\x00\x04\xf6O\x00\x00\x01\x01\x08\n\x90\xdd\x8e"\xc9\x93\x96\xcaP\x02\x00\x01'
06-06-2021 18:31:00 root         INFO     Enviando paquete sin mutar del tipo Pubrec ...
06-06-2021 18:31:00 root         INFO     Recibiendo datos del bróker ...
06-06-2021 18:31:00 root         WARNING  El servidor ha reseteado la conexión. Esperando unos segundos ... 
06-06-2021 18:31:02 scapy.runtime WARNING  more Calling str(pkt) on Python 3 makes no sense!
06-06-2021 18:31:02 root         INFO     Paquete sin mutar -> b'@\xb8\x9ad$\xf3\xd8\xa7V>\xb0\xb8\x08\x00E\x00\x008\x13\xc4@\x00\x1e\x06\x17\xbc4$:\x97\xc0\xa8\x01\xdd\x07[\x8d\xaaY\x15\xcc^\xd8\x90v\xae\x80\x18\x00\x04\xfd!\x00\x00\x01\x01\x08\n\x90\xdc\xb5\xbb\xc9\x92\xbecp\x02\x00\x01'
06-06-2021 18:31:02 root         INFO     Enviando paquete sin mutar del tipo Pubcomp ...
06-06-2021 18:31:02 root         WARNING  Se cerró la conexión con el equipo. Reconectando ...
06-06-2021 18:31:02 root         INFO     Conectado al servidor 192.168.1.226 en el puerto 1883
06-06-2021 18:31:03 root         INFO     Paquete sin mutar -> b'\xd8\xa7V>\xb0\xb8@\xb8\x9ad$\xf3\x08\x00E\x00\x006\xc7\x89@\x00@\x06A\xf8\xc0\xa8\x01\xdd4$:\x97\x8d\xd6\x07[\x0fu1\xbdQ\t\xcc\x00\x80\x19\x01\xf6\xa3\xf7\x00\x00\x01\x01\x08\n\xc9\x93=\x8a\x90\xdd4\x1a\xe0\x00'
06-06-2021 18:31:03 root         INFO     Enviando paquete sin mutar del tipo Disconnect ...
06-06-2021 18:31:03 root         INFO     Recibiendo datos del bróker ...
06-06-2021 18:31:03 root         WARNING  El servidor ha reseteado la conexión. Esperando unos segundos ... 
06-06-2021 18:31:05 root         INFO     Se ha completado la sesión.
06-06-2021 18:31:05 scapy.runtime WARNING  Calling str(pkt) on Python 3 makes no sense!
06-06-2021 18:31:05 scapy.runtime WARNING  Calling str(pkt) on Python 3 makes no sense!
06-06-2021 18:31:05 root         INFO     Paquete sin mutar -> b"\xd8\xa7V>\xb0\xb8@\xb8\x9ad$\xf3\x08\x00E\x00\x00U\xd0o@\x00@\x068\xf3\xc0\xa8\x01\xdd4$:\x97\x8d\xac\x07[\x04\xbdN\xdf\x88\x10k\x8e\x80\x18\x01\xf6\xb7l\x00\x00\x01\x01\x08\n\xc9\x92\xc0<\xc4my'\x10\x1f\x00\x04MQTT\x04\x02\x00\x02\x00\x13mosqsub|7548-rrg-PC"
06-06-2021 18:31:05 root         INFO     Enviando paquete sin mutar del tipo Connect ...
06-06-2021 18:31:05 root         WARNING  Se cerró la conexión con el equipo. Reconectando ...
06-06-2021 18:31:05 root         INFO     Conectado al servidor 192.168.1.226 en el puerto 1883
06-06-2021 18:31:06 scapy.runtime WARNING  more Calling str(pkt) on Python 3 makes no sense!
06-06-2021 18:31:06 root         INFO     Paquete sin mutar -> b'\xd8\xa7V>\xb0\xb8@\xb8\x9ad$\xf3\x08\x00E\x00\x00D0!@\x00@\x06\xd9R\xc0\xa8\x01\xdd4$:\x97\x8d\xec\x07[\xda\x99\xa8\xb7\xdf\xd9\xca\xf5\x80\x18\x01\xf6\x94l\x00\x00\x01\x01\x08\n\xc9\x93uc\x90\xddl\x0e\x82\x0e\x00\x01\x00\tnew_topic\x00'
06-06-2021 18:31:06 root         INFO     Enviando paquete sin mutar del tipo Subscribe ...
06-06-2021 18:31:06 root         INFO     Recibiendo datos del bróker ...
06-06-2021 18:31:06 root         WARNING  El servidor ha reseteado la conexión. Esperando unos segundos ... 
06-06-2021 18:31:08 root         INFO     Paquete sin mutar -> b'\xd8\xa7V>\xb0\xb8@\xb8\x9ad$\xf3\x08\x00E\x00\x00D\xd5N@\x00@\x064%\xc0\xa8\x01\xdd4$:\x97\x8d\xba\x07[$^{\xd2C\xa8??\x80\x18\x01\xf6\xbb\xdb\x00\x00\x01\x01\x08\n\xc9\x92\xe4\xb2\xc4m\x9d\x9d\xa2\x0e\x00\x02\x00\nhelloTopic'
06-06-2021 18:31:08 root         INFO     Enviando paquete sin mutar del tipo Unsubscribe ...
06-06-2021 18:31:08 root         WARNING  Se cerró la conexión con el equipo. Reconectando ...
06-06-2021 18:31:08 root         INFO     Conectado al servidor 192.168.1.226 en el puerto 1883
06-06-2021 18:31:09 root         INFO     Paquete sin mutar -> b'\xd8\xa7V>\xb0\xb8@\xb8\x9ad$\xf3\x08\x00E\x00\x00NzP@\x00@\x06\x8f\x19\xc0\xa8\x01\xdd4$:\x97\x8d\xaa\x07[\xd8\x90v\x90Y\x15\xccZ\x80\x18\x01\xf66\x92\x00\x00\x01\x01\x08\n\xc9\x92\xbd\xb7\x90\xdc\xb4_4\x18\x00\nhelloTopic\x00\x01hello MQTT'
06-06-2021 18:31:09 root         INFO     Enviando paquete sin mutar del tipo Publish ...
06-06-2021 18:31:09 root         INFO     Recibiendo datos del bróker ...
06-06-2021 18:31:09 root         WARNING  El servidor ha reseteado la conexión. Esperando unos segundos ... 
06-06-2021 18:31:11 scapy.runtime WARNING  Calling str(pkt) on Python 3 makes no sense!
06-06-2021 18:31:11 scapy.runtime WARNING  Calling str(pkt) on Python 3 makes no sense!
06-06-2021 18:31:11 root         INFO     Paquete sin mutar -> b'\xd8\xa7V>\xb0\xb8@\xb8\x9ad$\xf3\x08\x00E\x00\x008Mq@\x00@\x06\xb5\x03\xc0\xa8\x01\xdd"\xd6R\xf0\x88J\x07[\xce\x9f\x05K\xf7\xce\xcdl\x80\x18\x01\xf6\xd8\xdf\x00\x00\x01\x01\x08\n\x84m\xd8^\x90\xdc\xeb\x17b\x02\x00\x01'
06-06-2021 18:31:11 root         INFO     Enviando paquete sin mutar del tipo Pubrel ...
06-06-2021 18:31:11 root         WARNING  Se cerró la conexión con el equipo. Reconectando ...
06-06-2021 18:31:12 root         INFO     Conectado al servidor 192.168.1.226 en el puerto 1883
06-06-2021 18:31:13 scapy.runtime WARNING  more Calling str(pkt) on Python 3 makes no sense!
06-06-2021 18:31:13 root         INFO     Paquete sin mutar -> b'\xd8\xa7V>\xb0\xb8@\xb8\x9ad$\xf3\x08\x00E\x00\x006\xc7\x89@\x00@\x06A\xf8\xc0\xa8\x01\xdd4$:\x97\x8d\xd6\x07[\x0fu1\xbdQ\t\xcc\x00\x80\x19\x01\xf6\xa3\xf7\x00\x00\x01\x01\x08\n\xc9\x93=\x8a\x90\xdd4\x1a\xe0\x00'
06-06-2021 18:31:13 root         INFO     Enviando paquete sin mutar del tipo Disconnect ...
06-06-2021 18:31:13 root         INFO     Recibiendo datos del bróker ...
06-06-2021 18:31:13 root         WARNING  El servidor ha reseteado la conexión. Esperando unos segundos ... 
06-06-2021 18:31:15 root         INFO     Se ha completado la sesión.
06-06-2021 18:31:15 root         INFO     Paquete sin mutar -> b"\xd8\xa7V>\xb0\xb8@\xb8\x9ad$\xf3\x08\x00E\x00\x00U\xd0o@\x00@\x068\xf3\xc0\xa8\x01\xdd4$:\x97\x8d\xac\x07[\x04\xbdN\xdf\x88\x10k\x8e\x80\x18\x01\xf6\xb7l\x00\x00\x01\x01\x08\n\xc9\x92\xc0<\xc4my'\x10\x1f\x00\x04MQTT\x04\x02\x00\x02\x00\x13mosqsub|7548-rrg-PC"
06-06-2021 18:31:15 root         INFO     Enviando paquete sin mutar del tipo Connect ...
06-06-2021 18:31:15 root         WARNING  Se cerró la conexión con el equipo. Reconectando ...
06-06-2021 18:31:15 root         INFO     Conectado al servidor 192.168.1.226 en el puerto 1883
06-06-2021 18:31:16 scapy.runtime WARNING  Calling str(pkt) on Python 3 makes no sense!
06-06-2021 18:31:16 scapy.runtime WARNING  Calling str(pkt) on Python 3 makes no sense!
06-06-2021 18:31:16 root         INFO     Paquete sin mutar -> b'\xd8\xa7V>\xb0\xb8@\xb8\x9ad$\xf3\x08\x00E\x00\x00NzP@\x00@\x06\x8f\x19\xc0\xa8\x01\xdd4$:\x97\x8d\xaa\x07[\xd8\x90v\x90Y\x15\xccZ\x80\x18\x01\xf66\x92\x00\x00\x01\x01\x08\n\xc9\x92\xbd\xb7\x90\xdc\xb4_4\x18\x00\nhelloTopic\x00\x01hello MQTT'
06-06-2021 18:31:16 root         INFO     Enviando paquete sin mutar del tipo Publish ...
06-06-2021 18:31:16 root         INFO     Recibiendo datos del bróker ...
06-06-2021 18:31:17 root         WARNING  El servidor ha reseteado la conexión. Esperando unos segundos ... 
06-06-2021 18:31:19 scapy.runtime WARNING  more Calling str(pkt) on Python 3 makes no sense!
06-06-2021 18:31:19 root         INFO     Paquete sin mutar -> b'\xd8\xa7V>\xb0\xb8@\xb8\x9ad$\xf3\x08\x00E\x00\x008t\x15@\x00@\x06\x95j\xc0\xa8\x01\xdd4$:\x97\x8d\xf6\x07[AAW{\xa8C\xa9m\x80\x18\x01\xf6\xe1\xad\x00\x00\x01\x01\x08\n\xc9\x93\x97v\x90\xdd\x8e"b\x02\x00\x01'
06-06-2021 18:31:19 root         INFO     Enviando paquete sin mutar del tipo Pubrel ...
06-06-2021 18:31:19 root         WARNING  Se cerró la conexión con el equipo. Reconectando ...
06-06-2021 18:31:19 root         INFO     Conectado al servidor 192.168.1.226 en el puerto 1883
06-06-2021 18:31:20 root         INFO     Paquete sin mutar -> b'\xd8\xa7V>\xb0\xb8@\xb8\x9ad$\xf3\x08\x00E\x00\x00D\xd0\x91@\x00@\x068\xe2\xc0\xa8\x01\xdd4$:\x97\x8d\xa6\x07[\xf1\xbf\xde5\x1d5\x87\xca\x80\x18\x01\xf6\xe6\x8b\x00\x00\x01\x01\x08\n\xc9\x92\xae%\xc4mg\x0f\x82\x0e\x00\x01\x00\tnew_topic\x00'
06-06-2021 18:31:20 root         INFO     Enviando paquete sin mutar del tipo Subscribe ...
06-06-2021 18:31:20 root         INFO     Recibiendo datos del bróker ...
06-06-2021 18:31:20 root         WARNING  El servidor ha reseteado la conexión. Esperando unos segundos ... 
06-06-2021 18:31:22 scapy.runtime WARNING  Calling str(pkt) on Python 3 makes no sense!
06-06-2021 18:31:22 scapy.runtime WARNING  Calling str(pkt) on Python 3 makes no sense!
06-06-2021 18:31:22 root         INFO     Paquete sin mutar -> b'@\xb8\x9ad$\xf3\xd8\xa7V>\xb0\xb8\x08\x00E\x00\x008\x87\xdb@\x00\x19\x06\xa1\x99"\xd6R\xf0\xc0\xa8\x01\xdd\x07[\x88pI6{\xacA\xe0JF\x80\x18\x00\x04\\ \x00\x00\x01\x01\x08\n\x90\xddW\xc5\x84nDXP\x02\x00\x01'
06-06-2021 18:31:22 root         INFO     Enviando paquete sin mutar del tipo Pubrec ...
06-06-2021 18:31:22 root         WARNING  Se cerró la conexión con el equipo. Reconectando ...
06-06-2021 18:31:22 root         INFO     Conectado al servidor 192.168.1.226 en el puerto 1883
06-06-2021 18:31:23 scapy.runtime WARNING  more Calling str(pkt) on Python 3 makes no sense!
06-06-2021 18:31:23 root         INFO     Paquete sin mutar -> b'@\xb8\x9ad$\xf3\xd8\xa7V>\xb0\xb8\x08\x00E\x00\x008\xcf1@\x00\x18\x06[C"\xd6R\xf0\xc0\xa8\x01\xdd\x07[\x88j\x92\x8c\xdd\xbb\x95}\xa3\x1f\x80\x18\x00\x047\xf0\x00\x00\x01\x01\x08\n\x90\xddE\xed\x84n2\x8a@\x02\x00\x01'
06-06-2021 18:31:23 root         INFO     Enviando paquete sin mutar del tipo Puback ...
06-06-2021 18:31:23 root         INFO     Recibiendo datos del bróker ...
06-06-2021 18:31:23 root         WARNING  El servidor ha reseteado la conexión. Esperando unos segundos ... 
06-06-2021 18:31:25 root         INFO     Paquete sin mutar -> b'\xd8\xa7V>\xb0\xb8@\xb8\x9ad$\xf3\x08\x00E\x00\x006\x87\xd5@\x00@\x06z\xa1\xc0\xa8\x01\xdd"\xd6R\xf0\x88j\x07[\x95}\xa3\x1f\x92\x8c\xdd\xbf\x80\x18\x01\xf6\x95S\x00\x00\x01\x01\x08\n\x84n35\x90\xddE\xed\xe0\x00'
06-06-2021 18:31:25 root         INFO     Enviando paquete sin mutar del tipo Disconnect ...
06-06-2021 18:31:25 root         WARNING  Se cerró la conexión con el equipo. Reconectando ...
06-06-2021 18:31:25 root         INFO     Conectado al servidor 192.168.1.226 en el puerto 1883
06-06-2021 18:31:26 root         INFO     Se ha completado la sesión.
06-06-2021 18:31:26 root         INFO     Paquete sin mutar -> b'\xd8\xa7V>\xb0\xb8@\xb8\x9ad$\xf3\x08\x00E\x00\x00U\xa9:@\x00@\x06Y\x1d\xc0\xa8\x01\xdd"\xd6R\xf0\x88(\x07[=\xe2bD\xc5\xe2\xe5\xe9\x80\x18\x01\xf6c\xa8\x00\x00\x01\x01\x08\n\x84m~\x10\xc4mS\x04\x10\x1f\x00\x04MQTT\x04\x02\x00\x02\x00\x13mosqpub|7522-rrg-PC'
06-06-2021 18:31:26 root         INFO     Enviando paquete sin mutar del tipo Connect ...
06-06-2021 18:31:26 root         INFO     Recibiendo datos del bróker ...
06-06-2021 18:31:27 scapy.runtime WARNING  Calling str(pkt) on Python 3 makes no sense!
06-06-2021 18:31:27 scapy.runtime WARNING  Calling str(pkt) on Python 3 makes no sense!
06-06-2021 18:31:27 root         INFO     Paquete sin mutar -> b'\xd8\xa7V>\xb0\xb8@\xb8\x9ad$\xf3\x08\x00E\x00\x00N\x10\x87@\x00@\x06\xf1\xd7\xc0\xa8\x01\xdd"\xd6R\xf0\x88X\x07[\'\rG\xdf\x86\x87\x1cC\x80\x18\x01\xf6P\xee\x00\x00\x01\x01\x08\n\x84m\xfb\xbb\xc4m\xd0\xb42\x18\x00\nhelloTopic\x00\x01hello MQTT'
06-06-2021 18:31:27 root         INFO     Enviando paquete sin mutar del tipo Publish ...
06-06-2021 18:31:27 root         INFO     Recibiendo datos del bróker ...
06-06-2021 18:31:28 scapy.runtime WARNING  more Calling str(pkt) on Python 3 makes no sense!
06-06-2021 18:31:28 root         INFO     Paquete sin mutar -> b'\xd8\xa7V>\xb0\xb8@\xb8\x9ad$\xf3\x08\x00E\x00\x00D\xc5\x94@\x00@\x06C\xdf\xc0\xa8\x01\xdd4$:\x97\x8d\xce\x07["\x02\xc5Ma8(v\x80\x18\x01\xf6\x08\xa5\x00\x00\x01\x01\x08\n\xc9\x93\x19\xe7\x90\xdd\x10\x93\x82\x0e\x00\x01\x00\tnew_topic\x00'
06-06-2021 18:31:28 root         INFO     Enviando paquete sin mutar del tipo Subscribe ...
06-06-2021 18:31:28 root         INFO     Recibiendo datos del bróker ...
06-06-2021 18:31:29 root         INFO     Paquete sin mutar -> b'\xd8\xa7V>\xb0\xb8@\xb8\x9ad$\xf3\x08\x00E\x00\x008\x15\x7f@\x00@\x06\xec\xf5\xc0\xa8\x01\xdd"\xd6R\xf0\x88p\x07[A\xe0JFI6{\xb0\x80\x18\x01\xf6Gu\x00\x00\x01\x01\x08\n\x84nE\r\x90\xddW\xc5b\x02\x00\x01'
06-06-2021 18:31:29 root         INFO     Enviando paquete sin mutar del tipo Pubrel ...
06-06-2021 18:31:29 root         INFO     Recibiendo datos del bróker ...
06-06-2021 18:31:30 root         INFO     Paquete sin mutar -> b'\xd8\xa7V>\xb0\xb8@\xb8\x9ad$\xf3\x08\x00E\x00\x00Dvw@\x00@\x06\x92\xfc\xc0\xa8\x01\xdd4$:\x97\x8d\xb4\x07[dq\xec/\x1eG\x08O\x80\x18\x01\xf6\x8b\xad\x00\x00\x01\x01\x08\n\xc9\x92\xd2\xbc\xc4m\x8b\xa8\xa2\x0e\x00\x02\x00\nhelloTopic'
06-06-2021 18:31:30 root         INFO     Enviando paquete sin mutar del tipo Unsubscribe ...
06-06-2021 18:31:30 root         INFO     Recibiendo datos del bróker ...
06-06-2021 18:31:31 root         INFO     Paquete sin mutar -> b'\xd8\xa7V>\xb0\xb8@\xb8\x9ad$\xf3\x08\x00E\x00\x006\xad\xf9@\x00@\x06[\x88\xc0\xa8\x01\xdd4$:\x97\x8d\xb6\x07[\xb6\x1f1\xa0%\xccF\xf5\x80\x18\x01\xf6c\x8d\x00\x00\x01\x01\x08\n\xc9\x92\xe2\xa0\x90\xdc\xd9K\xe0\x00'
06-06-2021 18:31:31 root         INFO     Enviando paquete sin mutar del tipo Disconnect ...
06-06-2021 18:31:31 root         INFO     Recibiendo datos del bróker ...
06-06-2021 18:31:31 root         INFO     Conectado al servidor 192.168.1.226 en el puerto 1883
06-06-2021 18:31:32 root         INFO     Se ha completado la sesión.
06-06-2021 18:31:32 scapy.runtime WARNING  Calling str(pkt) on Python 3 makes no sense!
06-06-2021 18:31:32 scapy.runtime WARNING  Calling str(pkt) on Python 3 makes no sense!
06-06-2021 18:31:32 root         INFO     Paquete sin mutar -> b'\xd8\xa7V>\xb0\xb8@\xb8\x9ad$\xf3\x08\x00E\x00\x00U\xb7\xc7@\x00@\x06Q\x9b\xc0\xa8\x01\xdd4$:\x97\x8d\xcc\x07[/\x0fb\x95\xee\xbf\xee\xd1\x80\x18\x01\xf6\xce\x1d\x00\x00\x01\x01\x08\n\xc9\x93\x19A\x90\xdd\x0f\xec\x10\x1f\x00\x04MQTT\x04\x02\x00\x02\x00\x13mosqsub|7592-rrg-PC'
06-06-2021 18:31:32 root         INFO     Enviando paquete sin mutar del tipo Connect ...
06-06-2021 18:31:32 root         INFO     Recibiendo datos del bróker ...
06-06-2021 18:31:34 scapy.runtime WARNING  more Calling str(pkt) on Python 3 makes no sense!
06-06-2021 18:31:34 root         INFO     Paquete sin mutar -> b'\xd8\xa7V>\xb0\xb8@\xb8\x9ad$\xf3\x08\x00E\x00\x006\xbay@\x00@\x06G\xfd\xc0\xa8\x01\xdd"\xd6R\xf0\x88>\x07[\xb7\x88Kj\xf4q\x9a@\x80\x19\x01\xf6\xb4K\x00\x00\x01\x01\x08\n\x84m\xb4\x88\xc4m\x89\x81\xe0\x00'
06-06-2021 18:31:34 root         INFO     Enviando paquete sin mutar del tipo Disconnect ...
06-06-2021 18:31:34 root         INFO     Recibiendo datos del bróker ...
06-06-2021 18:31:34 root         INFO     Conectado al servidor 192.168.1.226 en el puerto 1883
06-06-2021 18:31:35 root         INFO     Se ha completado la sesión.
06-06-2021 18:31:35 root         INFO     Paquete sin mutar -> b'\xd8\xa7V>\xb0\xb8@\xb8\x9ad$\xf3\x08\x00E\x00\x00Ul\x8b@\x00@\x06\x9c\xd7\xc0\xa8\x01\xdd4$:\x97\x8d\xde\x07[?\xf6\xc8z\xf1N\xceP\x80\x18\x01\xf6\x0f\xaa\x00\x00\x01\x01\x08\n\xc9\x93P\x00\x90\xddF\xad\x10\x1f\x00\x04MQTT\x04\x02\x00\x02\x00\x13mosqsub|7618-rrg-PC'
06-06-2021 18:31:35 root         INFO     Enviando paquete sin mutar del tipo Connect ...
06-06-2021 18:31:35 root         INFO     Recibiendo datos del bróker ...
06-06-2021 18:31:36 root         INFO     Paquete sin mutar -> b'\xd8\xa7V>\xb0\xb8@\xb8\x9ad$\xf3\x08\x00E\x00\x00D\x803@\x00@\x06\x825\xc0\xa8\x01\xdd"\xd6R\xf0\x88$\x07[W\xc0\xafU\x8f\x84\xa7=\x80\x18\x01\xf6\xb8\xc6\x00\x00\x01\x01\x08\n\x84moF\x90\xdc\x81\xfe\x82\x0e\x00\x01\x00\tnew_topic\x00'
06-06-2021 18:31:36 root         INFO     Enviando paquete sin mutar del tipo Subscribe ...
06-06-2021 18:31:36 root         INFO     Recibiendo datos del bróker ...
06-06-2021 18:31:37 root         INFO     Paquete sin mutar -> b'\xd8\xa7V>\xb0\xb8@\xb8\x9ad$\xf3\x08\x00E\x00\x006zT@\x00@\x06\x8f-\xc0\xa8\x01\xdd4$:\x97\x8d\xaa\x07[\xd8\x90v\xaeY\x15\xccb\x80\x18\x01\xf6\x8a\x84\x00\x00\x01\x01\x08\n\xc9\x92\xbf\x0f\x90\xdc\xb5\xbb\xe0\x00'
06-06-2021 18:31:37 root         INFO     Enviando paquete sin mutar del tipo Disconnect ...
06-06-2021 18:31:37 root         INFO     Recibiendo datos del bróker ...
06-06-2021 18:31:37 root         INFO     Conectado al servidor 192.168.1.226 en el puerto 1883
06-06-2021 18:31:38 root         INFO     Se ha completado la sesión.
06-06-2021 18:31:38 scapy.runtime WARNING  Calling str(pkt) on Python 3 makes no sense!
06-06-2021 18:31:38 scapy.runtime WARNING  Calling str(pkt) on Python 3 makes no sense!
06-06-2021 18:31:38 root         INFO     Paquete sin mutar -> b'\xd8\xa7V>\xb0\xb8@\xb8\x9ad$\xf3\x08\x00E\x00\x00Us\xcb@\x00@\x06\x8e\x8c\xc0\xa8\x01\xdd"\xd6R\xf0\x88P\x07[Kka0\x9c\x00\x8b\x95\x80\x18\x01\xf6\xfdV\x00\x00\x01\x01\x08\n\x84m\xea\x01\xc4m\xbe\xfa\x10\x1f\x00\x04MQTT\x04\x02\x00\x02\x00\x13mosqpub|7585-rrg-PC'
06-06-2021 18:31:38 root         INFO     Enviando paquete sin mutar del tipo Connect ...
06-06-2021 18:31:38 root         INFO     Recibiendo datos del bróker ...
06-06-2021 18:31:39 scapy.runtime WARNING  more Calling str(pkt) on Python 3 makes no sense!
06-06-2021 18:31:39 root         INFO     Paquete sin mutar -> b'\xd8\xa7V>\xb0\xb8@\xb8\x9ad$\xf3\x08\x00E\x00\x00L\xbax@\x00@\x06G\xe8\xc0\xa8\x01\xdd"\xd6R\xf0\x88>\x07[\xb7\x88KR\xf4q\x9a@\x80\x18\x01\xf6a\x9d\x00\x00\x01\x01\x08\n\x84m\xb4\x88\xc4m\x89\x810\x16\x00\nhelloTopichello MQTT'
06-06-2021 18:31:39 root         INFO     Enviando paquete sin mutar del tipo Publish ...
06-06-2021 18:31:39 root         INFO     Recibiendo datos del bróker ...
06-06-2021 18:31:42 root         INFO     Conectado al servidor 192.168.1.226 en el puerto 1883
06-06-2021 18:31:43 root         INFO     Paquete sin mutar -> b'\xd8\xa7V>\xb0\xb8@\xb8\x9ad$\xf3\x08\x00E\x00\x006s\xce@\x00@\x06\x8e\xa8\xc0\xa8\x01\xdd"\xd6R\xf0\x88P\x07[Kkai\x9c\x00\x8b\x99\x80\x19\x01\xf6\x05"\x00\x00\x01\x01\x08\n\x84m\xea\xb0\xc4m\xbf\xa7\xe0\x00'
06-06-2021 18:31:43 root         INFO     Enviando paquete sin mutar del tipo Disconnect ...
06-06-2021 18:31:43 root         INFO     Recibiendo datos del bróker ...
06-06-2021 18:31:43 root         WARNING  El servidor ha reseteado la conexión. Esperando unos segundos ... 
06-06-2021 18:31:45 root         INFO     Se ha completado la sesión.
06-06-2021 18:31:45 scapy.runtime WARNING  Calling str(pkt) on Python 3 makes no sense!
06-06-2021 18:31:45 scapy.runtime WARNING  Calling str(pkt) on Python 3 makes no sense!
06-06-2021 18:31:45 root         INFO     Paquete sin mutar -> b'\xd8\xa7V>\xb0\xb8@\xb8\x9ad$\xf3\x08\x00E\x00\x00U\x801@\x00@\x06\x82&\xc0\xa8\x01\xdd"\xd6R\xf0\x88$\x07[W\xc0\xaf4\x8f\x84\xa79\x80\x18\x01\xf6\x84\x87\x00\x00\x01\x01\x08\n\x84mn\x90\x90\xdc\x81B\x10\x1f\x00\x04MQTT\x04\x02\x00<\x00\x13mosqsub|7510-rrg-PC'
06-06-2021 18:31:45 root         INFO     Enviando paquete sin mutar del tipo Connect ...
06-06-2021 18:31:45 root         WARNING  Se cerró la conexión con el equipo. Reconectando ...
06-06-2021 18:31:45 root         INFO     Conectado al servidor 192.168.1.226 en el puerto 1883
06-06-2021 18:31:46 scapy.runtime WARNING  more Calling str(pkt) on Python 3 makes no sense!
06-06-2021 18:31:46 root         INFO     Paquete sin mutar -> b'\xd8\xa7V>\xb0\xb8@\xb8\x9ad$\xf3\x08\x00E\x00\x00E\x9e\xf3@\x00@\x06j\x7f\xc0\xa8\x01\xdd4$:\x97\x8d\xe4\x07[\xc8\xa2\xc3U\x05\xb5\x9e\xf3\x80\x18\x01\xf6\xc4\xcf\x00\x00\x01\x01\x08\n\xc9\x93dG\x90\xddZ\xf0\x82\x0f\x00\x01\x00\nhelloTopic\x00'
06-06-2021 18:31:46 root         INFO     Enviando paquete sin mutar del tipo Subscribe ...
06-06-2021 18:31:46 root         INFO     Recibiendo datos del bróker ...
06-06-2021 18:31:46 root         WARNING  El servidor ha reseteado la conexión. Esperando unos segundos ... 
06-06-2021 18:31:48 root         INFO     Paquete sin mutar -> b'\xd8\xa7V>\xb0\xb8@\xb8\x9ad$\xf3\x08\x00E\x00\x00N\xf0\x14@\x00@\x06\x12J\xc0\xa8\x01\xdd"\xd6R\xf0\x88^\x07[f\xb7\xe6:&\xc0s\xc6\x80\x18\x01\xf6Kj\x00\x00\x01\x01\x08\n\x84n\r\x82\x90\xdd :4\x18\x00\nhelloTopic\x00\x01hello MQTT'
06-06-2021 18:31:48 root         INFO     Enviando paquete sin mutar del tipo Publish ...
06-06-2021 18:31:48 root         WARNING  Se cerró la conexión con el equipo. Reconectando ...
06-06-2021 18:31:48 root         INFO     Conectado al servidor 192.168.1.226 en el puerto 1883
06-06-2021 18:31:49 root         INFO     Paquete sin mutar -> b'\xd8\xa7V>\xb0\xb8@\xb8\x9ad$\xf3\x08\x00E\x00\x006zT@\x00@\x06\x8f-\xc0\xa8\x01\xdd4$:\x97\x8d\xaa\x07[\xd8\x90v\xaeY\x15\xccb\x80\x18\x01\xf6\x8a\x84\x00\x00\x01\x01\x08\n\xc9\x92\xbf\x0f\x90\xdc\xb5\xbb\xe0\x00'
06-06-2021 18:31:49 root         INFO     Enviando paquete sin mutar del tipo Disconnect ...
06-06-2021 18:31:49 root         INFO     Recibiendo datos del bróker ...
06-06-2021 18:31:49 root         WARNING  El servidor ha reseteado la conexión. Esperando unos segundos ... 
06-06-2021 18:31:51 root         INFO     Se ha completado la sesión.
06-06-2021 18:31:51 scapy.runtime WARNING  Calling str(pkt) on Python 3 makes no sense!
06-06-2021 18:31:51 scapy.runtime WARNING  Calling str(pkt) on Python 3 makes no sense!
06-06-2021 18:31:51 root         INFO     Paquete sin mutar -> b'\xd8\xa7V>\xb0\xb8@\xb8\x9ad$\xf3\x08\x00E\x00\x00U\xf9%@\x00@\x06\t2\xc0\xa8\x01\xdd"\xd6R\xf0\x88R\x07[J\x05\xf8\xc5X\xa9\x00\x85\x80\x18\x01\xf6%\x80\x00\x00\x01\x01\x08\n\x84m\xebo\x90\xdc\xfe)\x10\x1f\x00\x04MQTT\x04\x02\x00\x02\x00\x13mosqsub|7586-rrg-PC'
06-06-2021 18:31:51 root         INFO     Enviando paquete sin mutar del tipo Connect ...
06-06-2021 18:31:51 root         WARNING  Se cerró la conexión con el equipo. Reconectando ...
06-06-2021 18:31:51 root         INFO     Conectado al servidor 192.168.1.226 en el puerto 1883
06-06-2021 18:31:52 scapy.runtime WARNING  more Calling str(pkt) on Python 3 makes no sense!
06-06-2021 18:31:52 root         INFO     Paquete sin mutar -> b'\xd8\xa7V>\xb0\xb8@\xb8\x9ad$\xf3\x08\x00E\x00\x00D\xcaf@\x00@\x068\x02\xc0\xa8\x01\xdd"\xd6R\xf0\x88<\x07[\xf2\xc9k<U\xdf\x84|\x80\x18\x01\xf6]2\x00\x00\x01\x01\x08\n\x84m\xa4\xd6\xc4my\xcf\x82\x0e\x00\x01\x00\tnew_topic\x00'
06-06-2021 18:31:52 root         INFO     Enviando paquete sin mutar del tipo Subscribe ...
06-06-2021 18:31:52 root         INFO     Recibiendo datos del bróker ...
06-06-2021 18:31:52 root         WARNING  El servidor ha reseteado la conexión. Esperando unos segundos ... 
06-06-2021 18:31:54 root         INFO     Paquete sin mutar -> b'\xd8\xa7V>\xb0\xb8@\xb8\x9ad$\xf3\x08\x00E\x00\x00NzP@\x00@\x06\x8f\x19\xc0\xa8\x01\xdd4$:\x97\x8d\xaa\x07[\xd8\x90v\x90Y\x15\xccZ\x80\x18\x01\xf66\x92\x00\x00\x01\x01\x08\n\xc9\x92\xbd\xb7\x90\xdc\xb4_4\x18\x00\nhelloTopic\x00\x01hello MQTT'
06-06-2021 18:31:54 root         INFO     Enviando paquete sin mutar del tipo Publish ...
06-06-2021 18:31:54 root         WARNING  Se cerró la conexión con el equipo. Reconectando ...
06-06-2021 18:31:54 root         INFO     Conectado al servidor 192.168.1.226 en el puerto 1883
06-06-2021 18:31:55 root         INFO     Paquete sin mutar -> b'@\xb8\x9ad$\xf3\xd8\xa7V>\xb0\xb8\x08\x00E\x00\x008\x8b\xe5@\x00\x1e\x06\x98\x8f"\xd6R\xf0\xc0\xa8\x01\xdd\x07[\x88X\x86\x87\x1cC\'\rG\xf9\x80\x18\x00\x04F\xe4\x00\x00\x01\x01\x08\n\xc4m\xd1^\x84m\xfb\xbb@\x02\x00\x01'
06-06-2021 18:31:55 root         INFO     Enviando paquete sin mutar del tipo Puback ...
06-06-2021 18:31:55 root         INFO     Recibiendo datos del bróker ...
06-06-2021 18:31:55 root         WARNING  El servidor ha reseteado la conexión. Esperando unos segundos ... 
06-06-2021 18:31:57 scapy.runtime WARNING  Calling str(pkt) on Python 3 makes no sense!
06-06-2021 18:31:57 scapy.runtime WARNING  Calling str(pkt) on Python 3 makes no sense!
06-06-2021 18:31:57 root         INFO     Paquete sin mutar -> b'\xd8\xa7V>\xb0\xb8@\xb8\x9ad$\xf3\x08\x00E\x00\x008\x15\x7f@\x00@\x06\xec\xf5\xc0\xa8\x01\xdd"\xd6R\xf0\x88p\x07[A\xe0JFI6{\xb0\x80\x18\x01\xf6Gu\x00\x00\x01\x01\x08\n\x84nE\r\x90\xddW\xc5b\x02\x00\x01'
06-06-2021 18:31:57 root         INFO     Enviando paquete sin mutar del tipo Pubrel ...
06-06-2021 18:31:57 root         WARNING  Se cerró la conexión con el equipo. Reconectando ...
06-06-2021 18:31:57 root         INFO     Conectado al servidor 192.168.1.226 en el puerto 1883
06-06-2021 18:31:58 scapy.runtime WARNING  more Calling str(pkt) on Python 3 makes no sense!
06-06-2021 18:31:58 root         INFO     Paquete sin mutar -> b'@\xb8\x9ad$\xf3\xd8\xa7V>\xb0\xb8\x08\x00E\x00\x008\xaf\x0e@\x00\x1c\x06wf"\xd6R\xf0\xc0\xa8\x01\xdd\x07[\x88J\xf7\xce\xcdl\xce\x9f\x05O\x80\x18\x00\x04\xcc\x1b\x00\x00\x01\x01\x08\n\x90\xdc\xeb\xc9\x84m\xd8^p\x02\x00\x01'
06-06-2021 18:31:58 root         INFO     Enviando paquete sin mutar del tipo Pubcomp ...
06-06-2021 18:31:58 root         INFO     Recibiendo datos del bróker ...
06-06-2021 18:31:58 root         WARNING  El servidor ha reseteado la conexión. Esperando unos segundos ... 
06-06-2021 18:32:00 root         INFO     Paquete sin mutar -> b'@\xb8\x9ad$\xf3\xd8\xa7V>\xb0\xb8\x08\x00E\x00\x008\xaf\x0c@\x00\x1c\x06wh"\xd6R\xf0\xc0\xa8\x01\xdd\x07[\x88J\xf7\xce\xcdh\xce\x9f\x05K\x80\x18\x00\x04\xed\x87\x00\x00\x01\x01\x08\n\x90\xdc\xeb\x17\x84m\xd7\xacP\x02\x00\x01'
06-06-2021 18:32:00 root         INFO     Enviando paquete sin mutar del tipo Pubrec ...
06-06-2021 18:32:00 root         WARNING  Se cerró la conexión con el equipo. Reconectando ...
06-06-2021 18:32:00 root         INFO     Conectado al servidor 192.168.1.226 en el puerto 1883
06-06-2021 18:32:01 root         INFO     Paquete sin mutar -> b'@\xb8\x9ad$\xf3\xd8\xa7V>\xb0\xb8\x08\x00E\x00\x008\x87\xdd@\x00\x19\x06\xa1\x97"\xd6R\xf0\xc0\xa8\x01\xdd\x07[\x88pI6{\xb0A\xe0JJ\x80\x18\x00\x04:\xae\x00\x00\x01\x01\x08\n\x90\xddXz\x84nE\rp\x02\x00\x01'
06-06-2021 18:32:01 root         INFO     Enviando paquete sin mutar del tipo Pubcomp ...
06-06-2021 18:32:01 root         INFO     Recibiendo datos del bróker ...
06-06-2021 18:32:01 root         WARNING  El servidor ha reseteado la conexión. Esperando unos segundos ... 
06-06-2021 18:32:03 scapy.runtime WARNING  Calling str(pkt) on Python 3 makes no sense!
06-06-2021 18:32:03 scapy.runtime WARNING  Calling str(pkt) on Python 3 makes no sense!
06-06-2021 18:32:03 root         INFO     Paquete sin mutar -> b'\xd8\xa7V>\xb0\xb8@\xb8\x9ad$\xf3\x08\x00E\x00\x006\xa9=@\x00@\x06Y9\xc0\xa8\x01\xdd"\xd6R\xf0\x88(\x07[=\xe2b}\xc5\xe2\xe5\xed\x80\x19\x01\xf6eh\x00\x00\x01\x01\x08\n\x84m~\xc0\xc4mS\xb8\xe0\x00'
06-06-2021 18:32:03 root         INFO     Enviando paquete sin mutar del tipo Disconnect ...
06-06-2021 18:32:03 root         WARNING  Se cerró la conexión con el equipo. Reconectando ...
06-06-2021 18:32:03 root         INFO     Conectado al servidor 192.168.1.226 en el puerto 1883
06-06-2021 18:32:04 root         INFO     Se ha completado la sesión.
06-06-2021 18:32:04 scapy.runtime WARNING  more Calling str(pkt) on Python 3 makes no sense!
06-06-2021 18:32:04 root         INFO     Paquete sin mutar -> b'\xd8\xa7V>\xb0\xb8@\xb8\x9ad$\xf3\x08\x00E\x00\x00U\xd0\x8f@\x00@\x068\xd3\xc0\xa8\x01\xdd4$:\x97\x8d\xa6\x07[\xf1\xbf\xde\x14\x1d5\x87\xc6\x80\x18\x01\xf6\xb1=\x00\x00\x01\x01\x08\n\xc9\x92\xadn\xc4mfZ\x10\x1f\x00\x04MQTT\x04\x02\x00<\x00\x13mosqsub|7529-rrg-PC'
06-06-2021 18:32:04 root         INFO     Enviando paquete sin mutar del tipo Connect ...
06-06-2021 18:32:04 root         INFO     Recibiendo datos del bróker ...
06-06-2021 18:32:05 root         INFO     Paquete sin mutar -> b'\xd8\xa7V>\xb0\xb8@\xb8\x9ad$\xf3\x08\x00E\x00\x00D\xd5\xf6@\x00@\x063}\xc0\xa8\x01\xdd4$:\x97\x8d\xd8\x07[\x18\ns\x81\xd8?\xfe\xea\x80\x18\x01\xf6\xcc|\x00\x00\x01\x01\x08\n\xc9\x93?\x1a\x90\xdd5\xc6\x82\x0e\x00\x01\x00\tnew_topic\x00'
06-06-2021 18:32:05 root         INFO     Enviando paquete sin mutar del tipo Subscribe ...
06-06-2021 18:32:05 root         INFO     Recibiendo datos del bróker ...
06-06-2021 18:32:06 root         INFO     Paquete sin mutar -> b'\xd8\xa7V>\xb0\xb8@\xb8\x9ad$\xf3\x08\x00E\x00\x00D\xd5\xf7@\x00@\x063|\xc0\xa8\x01\xdd4$:\x97\x8d\xd8\x07[\x18\ns\x91\xd8?\xfe\xea\x80\x18\x01\xf6\xbb\x93\x00\x00\x01\x01\x08\n\xc9\x93?\xe3\x90\xdd6x\xa2\x0e\x00\x02\x00\nhelloTopic'
06-06-2021 18:32:06 root         INFO     Enviando paquete sin mutar del tipo Unsubscribe ...
06-06-2021 18:32:06 root         INFO     Recibiendo datos del bróker ...
06-06-2021 18:32:07 root         INFO     Paquete sin mutar -> b'\xd8\xa7V>\xb0\xb8@\xb8\x9ad$\xf3\x08\x00E\x00\x00NzP@\x00@\x06\x8f\x19\xc0\xa8\x01\xdd4$:\x97\x8d\xaa\x07[\xd8\x90v\x90Y\x15\xccZ\x80\x18\x01\xf66\x92\x00\x00\x01\x01\x08\n\xc9\x92\xbd\xb7\x90\xdc\xb4_4\x18\x00\nhelloTopic\x00\x01hello MQTT'
06-06-2021 18:32:07 root         INFO     Enviando paquete sin mutar del tipo Publish ...
06-06-2021 18:32:07 root         INFO     Recibiendo datos del bróker ...
06-06-2021 18:32:08 scapy.runtime WARNING  Calling str(pkt) on Python 3 makes no sense!
06-06-2021 18:32:08 scapy.runtime WARNING  Calling str(pkt) on Python 3 makes no sense!
06-06-2021 18:32:08 root         INFO     Paquete sin mutar -> b'\xd8\xa7V>\xb0\xb8@\xb8\x9ad$\xf3\x08\x00E\x00\x008\xf0\x16@\x00@\x06\x12^\xc0\xa8\x01\xdd"\xd6R\xf0\x88^\x07[f\xb7\xe6T&\xc0s\xca\x80\x18\x01\xf6\x1e\xa1\x00\x00\x01\x01\x08\n\x84n\x0e@\x90\xdd \xefb\x02\x00\x01'
06-06-2021 18:32:08 root         INFO     Enviando paquete sin mutar del tipo Pubrel ...
06-06-2021 18:32:08 root         INFO     Recibiendo datos del bróker ...
06-06-2021 18:32:09 scapy.runtime WARNING  more Calling str(pkt) on Python 3 makes no sense!
06-06-2021 18:32:09 root         INFO     Paquete sin mutar -> b'\xd8\xa7V>\xb0\xb8@\xb8\x9ad$\xf3\x08\x00E\x00\x006\xf0\x18@\x00@\x06\x12^\xc0\xa8\x01\xdd"\xd6R\xf0\x88^\x07[f\xb7\xe6X&\xc0s\xce\x80\x18\x01\xf6\x9e\xfb\x00\x00\x01\x01\x08\n\x84n\x0f$\x90\xdd!\xad\xe0\x00'
06-06-2021 18:32:09 root         INFO     Enviando paquete sin mutar del tipo Disconnect ...
06-06-2021 18:32:09 root         INFO     Recibiendo datos del bróker ...
06-06-2021 18:32:10 root         INFO     Conectado al servidor 192.168.1.226 en el puerto 1883
06-06-2021 18:32:11 root         INFO     Se ha completado la sesión.
06-06-2021 18:32:11 root         INFO     Paquete sin mutar -> b'\xd8\xa7V>\xb0\xb8@\xb8\x9ad$\xf3\x08\x00E\x00\x00U\x97k@\x00@\x06j\xec\xc0\xa8\x01\xdd"\xd6R\xf0\x88t\x07[\x9e\xd8\xf7B\x0c\xfe\x9dn\x80\x18\x01\xf6\xd7\x9d\x00\x00\x01\x01\x08\n\x84nG\x85\xc4n\x1c{\x10\x1f\x00\x04MQTT\x04\x02\x00<\x00\x13mosqsub|7633-rrg-PC'
06-06-2021 18:32:11 root         INFO     Enviando paquete sin mutar del tipo Connect ...
06-06-2021 18:32:11 root         INFO     Recibiendo datos del bróker ...
06-06-2021 18:32:12 root         INFO     Paquete sin mutar -> b'\xd8\xa7V>\xb0\xb8@\xb8\x9ad$\xf3\x08\x00E\x00\x00L\xa9<@\x00@\x06Y$\xc0\xa8\x01\xdd"\xd6R\xf0\x88(\x07[=\xe2be\xc5\xe2\xe5\xed\x80\x18\x01\xf6\x12\xba\x00\x00\x01\x01\x08\n\x84m~\xc0\xc4mS\xb80\x16\x00\nhelloTopichello MQTT'
06-06-2021 18:32:12 root         INFO     Enviando paquete sin mutar del tipo Publish ...
06-06-2021 18:32:12 root         INFO     Recibiendo datos del bróker ...
06-06-2021 18:32:12 root         WARNING  Se cerró la conexión con el equipo. Reconectando ...
06-06-2021 18:32:13 root         WARNING  Se produjo un error en el socket -> [Errno 111] Connection refused
06-06-2021 18:32:13 root         INFO     Intentando reconectar ...
06-06-2021 18:32:13 root         WARNING  Se produjo un error en el socket -> [Errno 111] Connection refused
06-06-2021 18:32:13 root         INFO     Intentando reconectar ...
06-06-2021 18:32:13 root         WARNING  Se produjo un error en el socket -> [Errno 111] Connection refused
06-06-2021 18:32:13 root         INFO     Intentando reconectar ...
06-06-2021 18:32:13 root         WARNING  Se produjo un error en el socket -> [Errno 111] Connection refused
06-06-2021 18:32:13 root         INFO     Intentando reconectar ...
06-06-2021 18:32:13 root         WARNING  Se produjo un error en el socket -> [Errno 111] Connection refused
06-06-2021 18:32:13 root         INFO     Intentando reconectar ...
06-06-2021 18:32:13 root         WARNING  Se produjo un error en el socket -> [Errno 111] Connection refused
06-06-2021 18:32:13 root         INFO     Intentando reconectar ...
06-06-2021 18:32:13 root         WARNING  Se produjo un error en el socket -> [Errno 111] Connection refused
06-06-2021 18:32:13 root         INFO     Intentando reconectar ...
06-06-2021 18:32:13 root         WARNING  Se produjo un error en el socket -> [Errno 111] Connection refused
06-06-2021 18:32:13 root         INFO     Intentando reconectar ...
06-06-2021 18:32:13 root         WARNING  Se produjo un error en el socket -> [Errno 111] Connection refused
06-06-2021 18:32:13 root         INFO     Intentando reconectar ...
06-06-2021 18:32:13 root         WARNING  Se produjo un error en el socket -> [Errno 111] Connection refused
06-06-2021 18:32:13 root         INFO     Intentando reconectar ...
06-06-2021 18:32:13 root         WARNING  Se produjo un error en el socket -> [Errno 111] Connection refused
06-06-2021 18:32:13 root         INFO     Intentando reconectar ...
06-06-2021 18:32:13 root         WARNING  Se produjo un error en el socket -> [Errno 111] Connection refused
06-06-2021 18:32:13 root         INFO     Intentando reconectar ...
06-06-2021 18:32:13 root         WARNING  Se produjo un error en el socket -> [Errno 111] Connection refused
06-06-2021 18:32:13 root         INFO     Intentando reconectar ...
06-06-2021 18:32:13 root         WARNING  Se produjo un error en el socket -> [Errno 111] Connection refused
06-06-2021 18:32:13 root         INFO     Intentando reconectar ...
06-06-2021 18:32:13 root         WARNING  Se produjo un error en el socket -> [Errno 111] Connection refused
06-06-2021 18:32:13 root         INFO     Intentando reconectar ...
06-06-2021 18:32:13 root         WARNING  Se produjo un error en el socket -> [Errno 111] Connection refused
06-06-2021 18:32:13 root         INFO     Intentando reconectar ...
06-06-2021 18:32:13 root         WARNING  Se produjo un error en el socket -> [Errno 111] Connection refused
06-06-2021 18:32:13 root         INFO     Intentando reconectar ...
06-06-2021 18:32:13 root         WARNING  Se produjo un error en el socket -> [Errno 111] Connection refused
06-06-2021 18:32:13 root         INFO     Intentando reconectar ...
06-06-2021 18:32:13 root         WARNING  Se produjo un error en el socket -> [Errno 111] Connection refused
06-06-2021 18:32:13 root         INFO     Intentando reconectar ...
06-06-2021 18:32:13 root         WARNING  Se produjo un error en el socket -> [Errno 111] Connection refused
06-06-2021 18:32:13 root         INFO     Intentando reconectar ...
06-06-2021 18:32:13 root         WARNING  Se produjo un error en el socket -> [Errno 111] Connection refused
06-06-2021 18:32:13 root         INFO     Intentando reconectar ...
06-06-2021 18:32:13 root         WARNING  Se produjo un error en el socket -> [Errno 111] Connection refused
06-06-2021 18:32:13 root         INFO     Intentando reconectar ...
06-06-2021 18:32:13 root         WARNING  Se produjo un error en el socket -> [Errno 111] Connection refused
06-06-2021 18:32:13 root         INFO     Intentando reconectar ...
06-06-2021 18:32:13 root         WARNING  Se produjo un error en el socket -> [Errno 111] Connection refused
06-06-2021 18:32:13 root         INFO     Intentando reconectar ...
06-06-2021 18:32:13 root         WARNING  Se produjo un error en el socket -> [Errno 111] Connection refused
06-06-2021 18:32:13 root         INFO     Intentando reconectar ...
06-06-2021 18:32:13 root         WARNING  Se produjo un error en el socket -> [Errno 111] Connection refused
06-06-2021 18:32:13 root         INFO     Intentando reconectar ...
06-06-2021 18:32:13 root         WARNING  Se produjo un error en el socket -> [Errno 111] Connection refused
06-06-2021 18:32:13 root         INFO     Intentando reconectar ...
06-06-2021 18:32:13 root         WARNING  Se produjo un error en el socket -> [Errno 111] Connection refused
06-06-2021 18:32:13 root         INFO     Intentando reconectar ...
06-06-2021 18:32:14 root         WARNING  Se produjo un error en el socket -> [Errno 111] Connection refused
06-06-2021 18:32:14 root         INFO     Intentando reconectar ...
06-06-2021 18:32:14 root         WARNING  Se produjo un error en el socket -> [Errno 111] Connection refused
06-06-2021 18:32:14 root         INFO     Intentando reconectar ...
06-06-2021 18:32:14 root         WARNING  Se produjo un error en el socket -> [Errno 111] Connection refused
06-06-2021 18:32:14 root         INFO     Intentando reconectar ...
06-06-2021 18:32:14 root         WARNING  Se produjo un error en el socket -> [Errno 111] Connection refused
06-06-2021 18:32:14 root         INFO     Intentando reconectar ...
06-06-2021 18:32:14 root         WARNING  Se produjo un error en el socket -> [Errno 111] Connection refused
06-06-2021 18:32:14 root         INFO     Intentando reconectar ...
06-06-2021 18:32:14 root         WARNING  Se produjo un error en el socket -> [Errno 111] Connection refused
06-06-2021 18:32:14 root         INFO     Intentando reconectar ...
