06-06-2021 18:19:42 root         INFO     Conectado al servidor 192.168.1.226 en el puerto 1883
06-06-2021 18:19:45 scapy.runtime WARNING  Calling str(pkt) on Python 3 makes no sense!
06-06-2021 18:19:45 scapy.runtime WARNING  Calling str(pkt) on Python 3 makes no sense!
06-06-2021 18:19:45 root         INFO     Paquete mutado -> b"\xd8\xa7V>\xb0\xb8@\xb8\x9ad$\xf3\x08\x00E\x00\x00U\xd0o@\x00@\x068\xf3\xc0\xa8\x01\xdd4$:\x97\x8d\xac\x07[\x04\xbdN\xdf\x88\x10k\x8e\x80\x18\x01\xf6\xb7l\x00\x00\x01\x01\x08\n\xc9\x92\xc0<\xc4my'\x10\x1f\x00\x04MQTT\x04\x02\x00\x02\x00\x13mosqsub|7548-rrg-PC"
06-06-2021 18:19:45 root         INFO     Enviando paquete mutado del tipo Connect ...
06-06-2021 18:19:45 root         INFO     Recibiendo datos del bróker ...
06-06-2021 18:19:46 scapy.runtime WARNING  more Calling str(pkt) on Python 3 makes no sense!
06-06-2021 18:19:46 root         INFO     Paquete mutado -> b'\xd8\xa7V>\xb0\xb8@\xb8\x9ad$\xf3\x08\x00E\x00\x00=\x00\x01@\x00@\x06\tz\xc0\xa8\x01\xdd4$:\x97\x8d\xaa\x07[\xd8\x90v\xaeY\x15\xccb\x80\x18\x01\xf6\x11-\x00\x00\x01\x01\x08\n\xc9\x92\xbf\x0f\x90\xdc\xb5\xbb\\xf0\\x00\n'
06-06-2021 18:19:46 root         INFO     Enviando paquete mutado del tipo Disconnect ...
06-06-2021 18:19:46 root         INFO     Recibiendo datos del bróker ...
06-06-2021 18:19:47 root         WARNING  El servidor ha reseteado la conexión. Esperando unos segundos ... 
06-06-2021 18:19:49 root         INFO     Se ha completado la sesión.
06-06-2021 18:19:49 root         INFO     Paquete mutado -> b'\xd8\xa7V>\xb0\xb8@\xb8\x9ad$\xf3\x08\x00E\x00\x00U\xb4/@\x00@\x06U3\xc0\xa8\x01\xdd4$:\x97\x8d\xc6\x07[x)\xb5\xe4Bth\xd9\x80\x18\x01\xf6\x92\x7f\x00\x00\x01\x01\x08\n\xc9\x93\x07y\xc4m\xc0c\x10\x1f\x00\x04MQTT\x04\x02\x00<\x00\x13mosqsub|7587-rrg-PC'
06-06-2021 18:19:49 root         INFO     Enviando paquete mutado del tipo Connect ...
06-06-2021 18:19:49 root         WARNING  Se cerró la conexión con el equipo. Reconectando ...
06-06-2021 18:19:49 root         INFO     Conectado al servidor 192.168.1.226 en el puerto 1883
06-06-2021 18:19:50 root         INFO     Paquete mutado -> b'\xd8\xa7V>\xb0\xb8@\xb8\x9ad$\xf3\x08\x00E\x00\x00E\xb7\xc9@\x00@\x06Q\xa9\xc0\xa8\x01\xdd4$:\x97\x8d\xcc\x07[/\x0fb\xb6\xee\xbf\xee\xd5\x80\x18\x01\xf6\x1a\xce\x00\x00\x01\x01\x08\n\xc9\x93\x19\xf6\x90\xdd\x10\xa1\x82\x0f\x81\xf3\x00\nhelloTopic\x00'
06-06-2021 18:19:50 root         INFO     Enviando paquete mutado del tipo Subscribe ...
06-06-2021 18:19:50 root         INFO     Recibiendo datos del bróker ...
06-06-2021 18:19:50 root         WARNING  El servidor ha reseteado la conexión. Esperando unos segundos ... 
06-06-2021 18:19:52 scapy.runtime WARNING  Calling str(pkt) on Python 3 makes no sense!
06-06-2021 18:19:52 scapy.runtime WARNING  Calling str(pkt) on Python 3 makes no sense!
06-06-2021 18:19:52 root         INFO     Paquete mutado -> b'\xd8\xa7V>\xb0\xb8@\xb8\x9ad$\xf3\x08\x00E\x00\x00G\x00\x01@\x00@\x06\x02e\xc0\xa8\x01\xdd"\xd6R\xf0\x88P\x07[Kkai\x9c\x00\x8b\x99\x80\x19\x01\xf6M\x16\x00\x00\x01\x01\x08\n\x84m\xea\xb0\xc4m\xbf\xa7[xe[\xe2\x80\x84x\xf3\xa0\x80\xb5e/\\x00\n'
06-06-2021 18:19:52 root         INFO     Enviando paquete mutado del tipo Disconnect ...
06-06-2021 18:19:52 root         WARNING  Se cerró la conexión con el equipo. Reconectando ...
06-06-2021 18:19:52 root         INFO     Conectado al servidor 192.168.1.226 en el puerto 1883
06-06-2021 18:19:53 root         INFO     Se ha completado la sesión.
06-06-2021 18:19:53 scapy.runtime WARNING  more Calling str(pkt) on Python 3 makes no sense!
06-06-2021 18:19:53 root         INFO     Paquete mutado -> b'\xd8\xa7V>\xb0\xb8@\xb8\x9ad$\xf3\x08\x00E\x00\x00U\xddC@\x00@\x06,\x1f\xc0\xa8\x01\xdd4$:\x97\x8d\x9c\x07[\xea\xf6\xe4y=@\\-\x80\x18\x01\xf6\xd6\xba\x00\x00\x01\x01\x08\n\xc9\x92\x9b\x99\x90\xdc\x92D\x10\x1f\x00\x04MQTT\x04\x02\x00<\x00\x13mosqsub|7524-rrg-PC'
06-06-2021 18:19:53 root         INFO     Enviando paquete mutado del tipo Connect ...
06-06-2021 18:19:53 root         INFO     Recibiendo datos del bróker ...
06-06-2021 18:19:54 root         INFO     Paquete mutado -> b'\xd8\xa7V>\xb0\xb8@\xb8\x9ad$\xf3\x08\x00E\x00\x00NzP@\x00@\x06\x8f\x19\xc0\xa8\x01\xdd4$:\x97\x8d\xaa\x07[\xd8\x90v\x90Y\x15\xccZ\x80\x18\x01\xf66\x92\x00\x00\x01\x01\x08\n\xc9\x92\xbd\xb7\x90\xdc\xb4_4\x18\x00\nhelloTopic\xa0\xf3hello MQTT'
06-06-2021 18:19:54 root         INFO     Enviando paquete mutado del tipo Publish ...
06-06-2021 18:19:54 root         INFO     Recibiendo datos del bróker ...
06-06-2021 18:19:55 root         INFO     Paquete mutado -> b'\xd8\xa7V>\xb0\xb8@\xb8\x9ad$\xf3\x08\x00E\x00\x00>\x00\x01@\x00@\x06\ty\xc0\xa8\x01\xdd4$:\x97\x8d\xb6\x07[\xb6\x1f1\xa0%\xccF\xf5\x80\x18\x01\xf6\xc5\x14\x00\x00\x01\x01\x08\n\xc9\x92\xe2\xa0\x90\xdc\xd9K\\xe0\\x0F0\n'
06-06-2021 18:19:55 root         INFO     Enviando paquete mutado del tipo Disconnect ...
06-06-2021 18:19:55 root         INFO     Recibiendo datos del bróker ...
06-06-2021 18:19:55 root         WARNING  El servidor ha reseteado la conexión. Esperando unos segundos ... 
06-06-2021 18:19:57 root         INFO     Se ha completado la sesión.
06-06-2021 18:19:57 scapy.runtime WARNING  Calling str(pkt) on Python 3 makes no sense!
06-06-2021 18:19:57 scapy.runtime WARNING  Calling str(pkt) on Python 3 makes no sense!
06-06-2021 18:19:57 root         INFO     Paquete sin mutar -> b'\xd8\xa7V>\xb0\xb8@\xb8\x9ad$\xf3\x08\x00E\x00\x00U\xcad@\x00@\x067\xf3\xc0\xa8\x01\xdd"\xd6R\xf0\x88<\x07[\xf2\xc9k\x1bU\xdf\x84x\x80\x18\x01\xf6%\xd1\x00\x00\x01\x01\x08\n\x84m\xa4+\xc4my!\x10\x1f\x00\x04MQTT\x04\x02\x00<\x00\x13mosqsub|7549-rrg-PC'
06-06-2021 18:19:57 root         INFO     Enviando paquete sin mutar del tipo Connect ...
06-06-2021 18:19:57 root         WARNING  Se cerró la conexión con el equipo. Reconectando ...
06-06-2021 18:19:57 root         INFO     Conectado al servidor 192.168.1.226 en el puerto 1883
06-06-2021 18:19:58 scapy.runtime WARNING  more Calling str(pkt) on Python 3 makes no sense!
06-06-2021 18:19:58 root         INFO     Paquete mutado -> b'\xd8\xa7V>\xb0\xb8@\xb8\x9ad$\xf3\x08\x00E\x00\x00D\x803@\x00@\x06\x825\xc0\xa8\x01\xdd"\xd6R\xf0\x88$\x07[W\xc0\xafU\x8f\x84\xa7=\x80\x18\x01\xf6\xb8\xc6\x00\x00\x01\x01\x08\n\x84moF\x90\xdc\x81\xfe\x82\x0e\n\x01\x00\tnew_topic\x00'
06-06-2021 18:19:58 root         INFO     Enviando paquete mutado del tipo Subscribe ...
06-06-2021 18:19:58 root         INFO     Recibiendo datos del bróker ...
06-06-2021 18:19:58 root         WARNING  El servidor ha reseteado la conexión. Esperando unos segundos ... 
06-06-2021 18:20:00 root         INFO     Paquete sin mutar -> b'\xd8\xa7V>\xb0\xb8@\xb8\x9ad$\xf3\x08\x00E\x00\x00NMo@\x00@\x06\xb4\xef\xc0\xa8\x01\xdd"\xd6R\xf0\x88J\x07[\xce\x9f\x051\xf7\xce\xcdh\x80\x18\x01\xf6\x05\x9b\x00\x00\x01\x01\x08\n\x84m\xd7\xac\x90\xdc\xead4\x18\x00\nhelloTopic\x00\x01hello MQTT'
06-06-2021 18:20:00 root         INFO     Enviando paquete sin mutar del tipo Publish ...
06-06-2021 18:20:00 root         WARNING  Se cerró la conexión con el equipo. Reconectando ...
06-06-2021 18:20:00 root         INFO     Conectado al servidor 192.168.1.226 en el puerto 1883
06-06-2021 18:20:01 root         INFO     Paquete mutado -> b'\xd8\xa7V>\xb0\xb8@\xb8\x9ad$\xf3\x08\x00E\x00\x00A\x00\x01@\x00@\x06\tv\xc0\xa8\x01\xdd4$:\x97\x8d\xf6\x07[AAW\x7f\xa8C\xa9q\x80\x18\x01\xf6\x8fU\x00\x00\x01\x01\x08\n\xc9\x93\x98"\x90\xdd\x8e\xce\\xe0\\+/v+x00\n'
06-06-2021 18:20:01 root         INFO     Enviando paquete mutado del tipo Disconnect ...
06-06-2021 18:20:01 root         INFO     Recibiendo datos del bróker ...
06-06-2021 18:20:01 root         WARNING  El servidor ha reseteado la conexión. Esperando unos segundos ... 
06-06-2021 18:20:03 root         INFO     Se ha completado la sesión.
06-06-2021 18:20:03 scapy.runtime WARNING  Calling str(pkt) on Python 3 makes no sense!
06-06-2021 18:20:03 scapy.runtime WARNING  Calling str(pkt) on Python 3 makes no sense!
06-06-2021 18:20:03 root         INFO     Paquete mutado -> b'\xd8\xa7V>\xb0\xb8@\xb8\x9ad$\xf3\x08\x00E\x00\x00Ut\x11@\x00@\x06\x95Q\xc0\xa8\x01\xdd4$:\x97\x8d\xf6\x07[AAW@\xa8C\xa9e\x80\x18\x01\xf6`^\x00\x00\x01\x01\x08\n\xc9\x93\x96\x11\x90\xdd\x8c\xb9\x10\x1f\x00\x04MQTT\x04\x02\x00\x02\x00\x13mosqpub|7654-rrg-PC'
06-06-2021 18:20:03 root         INFO     Enviando paquete mutado del tipo Connect ...
06-06-2021 18:20:03 root         WARNING  Se cerró la conexión con el equipo. Reconectando ...
06-06-2021 18:20:03 root         INFO     Conectado al servidor 192.168.1.226 en el puerto 1883
06-06-2021 18:20:04 scapy.runtime WARNING  more Calling str(pkt) on Python 3 makes no sense!
06-06-2021 18:20:04 root         INFO     Paquete mutado -> b'\xd8\xa7V>\xb0\xb8@\xb8\x9ad$\xf3\x08\x00E\x00\x00W\x00\x01@\x00@\x06\t`\xc0\xa8\x01\xdd4$:\x97\x8d\x96\x07[k#\xd4&\xd4\xede\x99\x80\x18\x01\xf6Q\xd9\x00\x00\x01\x01\x08\n\xc9\x92\x8bS\x90\xdc\x81\xfc\\x82\\x0f\\x00\\x01\\x0\nhelloTopic\\x00\n'
06-06-2021 18:20:04 root         INFO     Enviando paquete mutado del tipo Subscribe ...
06-06-2021 18:20:04 root         INFO     Recibiendo datos del bróker ...
06-06-2021 18:20:04 root         WARNING  El servidor ha reseteado la conexión. Esperando unos segundos ... 
06-06-2021 18:20:06 root         INFO     Paquete sin mutar -> b'\xd8\xa7V>\xb0\xb8@\xb8\x9ad$\xf3\x08\x00E\x00\x00N\xf0\x14@\x00@\x06\x12J\xc0\xa8\x01\xdd"\xd6R\xf0\x88^\x07[f\xb7\xe6:&\xc0s\xc6\x80\x18\x01\xf6Kj\x00\x00\x01\x01\x08\n\x84n\r\x82\x90\xdd :4\x18\x00\nhelloTopic\x00\x01hello MQTT'
06-06-2021 18:20:06 root         INFO     Enviando paquete sin mutar del tipo Publish ...
06-06-2021 18:20:06 root         WARNING  Se cerró la conexión con el equipo. Reconectando ...
06-06-2021 18:20:06 root         INFO     Conectado al servidor 192.168.1.226 en el puerto 1883
06-06-2021 18:20:07 root         INFO     Paquete mutado -> b'@\xb8\x9ad$\xf3\xd8\xa7V>\xb0\xb8\x08\x00E\x00\x008\xcf1@\x00\x18\x06[C"\xd6R\xf0\xc0\xa8\x01\xdd\x07[\x88j\x92\x8c\xdd\xbb\x95}\xa3\x1f\x80\x18\x00\x047\xf0\x00\x00\x01\x01\x08\n\x90\xddE\xed\x84n2\x8a@\x02\xca\xf3'
06-06-2021 18:20:07 root         INFO     Enviando paquete mutado del tipo Puback ...
06-06-2021 18:20:07 root         INFO     Recibiendo datos del bróker ...
06-06-2021 18:20:08 root         WARNING  El servidor ha reseteado la conexión. Esperando unos segundos ... 
06-06-2021 18:20:10 scapy.runtime WARNING  Calling str(pkt) on Python 3 makes no sense!
06-06-2021 18:20:10 scapy.runtime WARNING  Calling str(pkt) on Python 3 makes no sense!
06-06-2021 18:20:10 root         INFO     Paquete sin mutar -> b'\xd8\xa7V>\xb0\xb8@\xb8\x9ad$\xf3\x08\x00E\x00\x008Mq@\x00@\x06\xb5\x03\xc0\xa8\x01\xdd"\xd6R\xf0\x88J\x07[\xce\x9f\x05K\xf7\xce\xcdl\x80\x18\x01\xf6\xd8\xdf\x00\x00\x01\x01\x08\n\x84m\xd8^\x90\xdc\xeb\x17b\x02\x00\x01'
06-06-2021 18:20:10 root         INFO     Enviando paquete sin mutar del tipo Pubrel ...
06-06-2021 18:20:10 root         WARNING  Se cerró la conexión con el equipo. Reconectando ...
06-06-2021 18:20:10 root         INFO     Conectado al servidor 192.168.1.226 en el puerto 1883
06-06-2021 18:20:11 scapy.runtime WARNING  more Calling str(pkt) on Python 3 makes no sense!
06-06-2021 18:20:11 root         INFO     Paquete mutado -> b'@\xb8\x9ad$\xf3\xd8\xa7V>\xb0\xb8\x08\x00E\x00\x008/@@\x00\x1e\x06\xf54"\xd6R\xf0\xc0\xa8\x01\xdd\x07[\x88^&\xc0s\xcaf\xb7\xe6X\x80\x18\x00\x04\x11\xd1\x00\x00\x01\x01\x08\n\x90\xdd!\xad\x84n\x0e@p\x02\xf3\xc0'
06-06-2021 18:20:11 root         INFO     Enviando paquete mutado del tipo Pubcomp ...
06-06-2021 18:20:11 root         INFO     Recibiendo datos del bróker ...
06-06-2021 18:20:11 root         WARNING  El servidor ha reseteado la conexión. Esperando unos segundos ... 
06-06-2021 18:20:13 root         INFO     Paquete mutado -> b'@\xb8\x9ad$\xf3\xd8\xa7V>\xb0\xb8\x08\x00E\x00\x008\x13\xc2@\x00\x1e\x06\x17\xbe4$:\x97\xc0\xa8\x01\xdd\x07[\x8d\xaaY\x15\xccZ\xd8\x90v\xaa\x80\x18\x00\x04\x1e\x82\x00\x00\x01\x01\x08\n\x90\xdc\xb5\x0f\xc9\x92\xbd\xb7P\x02d\x01'
06-06-2021 18:20:13 root         INFO     Enviando paquete mutado del tipo Pubrec ...
06-06-2021 18:20:13 root         WARNING  Se cerró la conexión con el equipo. Reconectando ...
06-06-2021 18:20:13 root         INFO     Conectado al servidor 192.168.1.226 en el puerto 1883
06-06-2021 18:20:14 root         INFO     Paquete sin mutar -> b'@\xb8\x9ad$\xf3\xd8\xa7V>\xb0\xb8\x08\x00E\x00\x008\x13\xc4@\x00\x1e\x06\x17\xbc4$:\x97\xc0\xa8\x01\xdd\x07[\x8d\xaaY\x15\xcc^\xd8\x90v\xae\x80\x18\x00\x04\xfd!\x00\x00\x01\x01\x08\n\x90\xdc\xb5\xbb\xc9\x92\xbecp\x02\x00\x01'
06-06-2021 18:20:14 root         INFO     Enviando paquete sin mutar del tipo Pubcomp ...
06-06-2021 18:20:14 root         INFO     Recibiendo datos del bróker ...
06-06-2021 18:20:14 root         WARNING  El servidor ha reseteado la conexión. Esperando unos segundos ... 
06-06-2021 18:20:16 root         INFO     Parando el envío de paquetes mutados ...
06-06-2021 18:20:17 root         INFO     Se han enviado 11 paquetes en total.
06-06-2021 18:20:17 root         INFO     
Tiempo total de ejecución: 00:00:34
